<?xml version="1.0" encoding="UTF-8"?>
<!-- Generated by org.testng.reporters.JUnitXMLReporter -->
<testsuite hostname="DESKTOP-AB4UQ5J" name="Default test" tests="11" failures="0" timestamp="13 Jan 2020 00:48:31 GMT" time="24.067" errors="0">
  <testcase name="@BeforeMethod BeforeMethod" time="0.0" classname="com.raiway.TestCase_Run">
    <failure type="org.openqa.selenium.NoSuchElementException" message="no such element: Unable to locate element: {&amp;quot;method&amp;quot;:&amp;quot;xpath&amp;quot;,&amp;quot;selector&amp;quot;:&amp;quot;//span[contains(text(),&amp;apos;Log out&amp;apos;)]&amp;quot;}
  (Session info: chrome=77.0.3865.90)
For documentation on this error, please visit: https://www.seleniumhq.org/exceptions/no_such_element.html
Build info: version: &amp;apos;3.141.59&amp;apos;, revision: &amp;apos;e82be7d358&amp;apos;, time: &amp;apos;2018-11-14T08:17:03&amp;apos;
System info: host: &amp;apos;DESKTOP-AB4UQ5J&amp;apos;, ip: &amp;apos;20.1.247.65&amp;apos;, os.name: &amp;apos;Windows 10&amp;apos;, os.arch: &amp;apos;amd64&amp;apos;, os.version: &amp;apos;10.0&amp;apos;, java.version: &amp;apos;1.8.0_74&amp;apos;
Driver info: org.openqa.selenium.chrome.ChromeDriver
Capabilities {acceptInsecureCerts: false, browserName: chrome, browserVersion: 77.0.3865.90, chrome: {chromedriverVersion: 77.0.3865.40 (f484704e052e0..., userDataDir: C:\Users\NGOC_ANH\AppData\L...}, goog:chromeOptions: {debuggerAddress: localhost:53713}, javascriptEnabled: true, networkConnectionEnabled: false, pageLoadStrategy: normal, platform: XP, platformName: XP, proxy: Proxy(), setWindowRect: true, strictFileInteractability: false, timeouts: {implicit: 0, pageLoad: 300000, script: 30000}, unhandledPromptBehavior: dismiss and notify}
Session ID: dc041eb846b2ed64abffb82b863b07e1
*** Element info: {Using=xpath, value=//span[contains(text(),&amp;apos;Log out&amp;apos;)]}">
      <![CDATA[org.openqa.selenium.NoSuchElementException: no such element: Unable to locate element: {"method":"xpath","selector":"//span[contains(text(),'Log out')]"}
  (Session info: chrome=77.0.3865.90)
For documentation on this error, please visit: https://www.seleniumhq.org/exceptions/no_such_element.html
Build info: version: '3.141.59', revision: 'e82be7d358', time: '2018-11-14T08:17:03'
System info: host: 'DESKTOP-AB4UQ5J', ip: '20.1.247.65', os.name: 'Windows 10', os.arch: 'amd64', os.version: '10.0', java.version: '1.8.0_74'
Driver info: org.openqa.selenium.chrome.ChromeDriver
Capabilities {acceptInsecureCerts: false, browserName: chrome, browserVersion: 77.0.3865.90, chrome: {chromedriverVersion: 77.0.3865.40 (f484704e052e0..., userDataDir: C:\Users\NGOC_ANH\AppData\L...}, goog:chromeOptions: {debuggerAddress: localhost:53713}, javascriptEnabled: true, networkConnectionEnabled: false, pageLoadStrategy: normal, platform: XP, platformName: XP, proxy: Proxy(), setWindowRect: true, strictFileInteractability: false, timeouts: {implicit: 0, pageLoad: 300000, script: 30000}, unhandledPromptBehavior: dismiss and notify}
Session ID: dc041eb846b2ed64abffb82b863b07e1
*** Element info: {Using=xpath, value=//span[contains(text(),'Log out')]}
	at sun.reflect.NativeConstructorAccessorImpl.newInstance0(Native Method)
	at sun.reflect.NativeConstructorAccessorImpl.newInstance(NativeConstructorAccessorImpl.java:62)
	at sun.reflect.DelegatingConstructorAccessorImpl.newInstance(DelegatingConstructorAccessorImpl.java:45)
	at java.lang.reflect.Constructor.newInstance(Constructor.java:423)
	at org.openqa.selenium.remote.http.W3CHttpResponseCodec.createException(W3CHttpResponseCodec.java:187)
	at org.openqa.selenium.remote.http.W3CHttpResponseCodec.decode(W3CHttpResponseCodec.java:122)
	at org.openqa.selenium.remote.http.W3CHttpResponseCodec.decode(W3CHttpResponseCodec.java:49)
	at org.openqa.selenium.remote.HttpCommandExecutor.execute(HttpCommandExecutor.java:158)
	at org.openqa.selenium.remote.service.DriverCommandExecutor.execute(DriverCommandExecutor.java:83)
	at org.openqa.selenium.remote.RemoteWebDriver.execute(RemoteWebDriver.java:552)
	at org.openqa.selenium.remote.RemoteWebDriver.findElement(RemoteWebDriver.java:323)
	at org.openqa.selenium.remote.RemoteWebDriver.findElementByXPath(RemoteWebDriver.java:428)
	at org.openqa.selenium.By$ByXPath.findElement(By.java:353)
	at org.openqa.selenium.remote.RemoteWebDriver.findElement(RemoteWebDriver.java:315)
	at page.HomePage.clickTabMenuHomePage(HomePage.java:17)
	at com.raiway.TestCase_Run.BeforeMethod(TestCase_Run.java:37)
	at sun.reflect.NativeMethodAccessorImpl.invoke0(Native Method)
	at sun.reflect.NativeMethodAccessorImpl.invoke(NativeMethodAccessorImpl.java:62)
	at sun.reflect.DelegatingMethodAccessorImpl.invoke(DelegatingMethodAccessorImpl.java:43)
	at java.lang.reflect.Method.invoke(Method.java:498)
	at org.testng.internal.MethodInvocationHelper.invokeMethod(MethodInvocationHelper.java:80)
	at org.testng.internal.Invoker.invokeConfigurationMethod(Invoker.java:564)
	at org.testng.internal.Invoker.invokeConfigurations(Invoker.java:213)
	at org.testng.internal.Invoker.invokeMethod(Invoker.java:653)
	at org.testng.internal.Invoker.invokeTestMethod(Invoker.java:901)
	at org.testng.internal.Invoker.invokeTestMethods(Invoker.java:1231)
	at org.testng.internal.TestMethodWorker.invokeTestMethods(TestMethodWorker.java:127)
	at org.testng.internal.TestMethodWorker.run(TestMethodWorker.java:111)
	at org.testng.TestRunner.privateRun(TestRunner.java:767)
	at org.testng.TestRunner.run(TestRunner.java:617)
	at org.testng.SuiteRunner.runTest(SuiteRunner.java:334)
	at org.testng.SuiteRunner.runSequentially(SuiteRunner.java:329)
	at org.testng.SuiteRunner.privateRun(SuiteRunner.java:291)
	at org.testng.SuiteRunner.run(SuiteRunner.java:240)
	at org.testng.SuiteRunnerWorker.runSuite(SuiteRunnerWorker.java:52)
	at org.testng.SuiteRunnerWorker.run(SuiteRunnerWorker.java:86)
	at org.testng.TestNG.runSuitesSequentially(TestNG.java:1198)
	at org.testng.TestNG.runSuitesLocally(TestNG.java:1123)
	at org.testng.TestNG.run(TestNG.java:1031)
	at org.testng.remote.AbstractRemoteTestNG.run(AbstractRemoteTestNG.java:115)
	at org.testng.remote.RemoteTestNG.initAndRun(RemoteTestNG.java:251)
	at org.testng.remote.RemoteTestNG.main(RemoteTestNG.java:77)
]]>
    </failure>
  </testcase> <!-- @BeforeMethod BeforeMethod -->
  <testcase name="@BeforeMethod BeforeMethod" time="0.0" classname="com.raiway.TestCase_Run">
    <skipped/>
  </testcase> <!-- @BeforeMethod BeforeMethod -->
  <testcase name="@BeforeMethod BeforeMethod" time="0.0" classname="com.raiway.TestCase_Run">
    <skipped/>
  </testcase> <!-- @BeforeMethod BeforeMethod -->
  <testcase name="@BeforeMethod BeforeMethod" time="0.0" classname="com.raiway.TestCase_Run">
    <skipped/>
  </testcase> <!-- @BeforeMethod BeforeMethod -->
  <testcase name="@BeforeMethod BeforeMethod" time="0.0" classname="com.raiway.TestCase_Run">
    <skipped/>
  </testcase> <!-- @BeforeMethod BeforeMethod -->
  <testcase name="@BeforeMethod BeforeMethod" time="0.0" classname="com.raiway.TestCase_Run">
    <skipped/>
  </testcase> <!-- @BeforeMethod BeforeMethod -->
  <testcase name="@BeforeMethod BeforeMethod" time="0.0" classname="com.raiway.TestCase_Run">
    <skipped/>
  </testcase> <!-- @BeforeMethod BeforeMethod -->
  <testcase name="@BeforeMethod BeforeMethod" time="0.0" classname="com.raiway.TestCase_Run">
    <skipped/>
  </testcase> <!-- @BeforeMethod BeforeMethod -->
  <testcase name="@BeforeMethod BeforeMethod" time="0.0" classname="com.raiway.TestCase_Run">
    <skipped/>
  </testcase> <!-- @BeforeMethod BeforeMethod -->
  <testcase name="@BeforeMethod BeforeMethod" time="0.0" classname="com.raiway.TestCase_Run">
    <skipped/>
  </testcase> <!-- @BeforeMethod BeforeMethod -->
  <testcase name="@BeforeMethod BeforeMethod" time="0.0" classname="com.raiway.TestCase_Run">
    <skipped/>
  </testcase> <!-- @BeforeMethod BeforeMethod -->
  <testcase name="@AfterClass AfterClass" time="0.0" classname="com.raiway.TestCase_Run">
    <skipped/>
  </testcase> <!-- @AfterClass AfterClass -->
  <testcase name="TC_01_Login_Sucess" time="0.003" classname="com.raiway.TestCase_Run">
    <skipped/>
  </testcase> <!-- TC_01_Login_Sucess -->
  <testcase name="TC_02_Login_Blank_User" time="0.005" classname="com.raiway.TestCase_Run">
    <skipped/>
  </testcase> <!-- TC_02_Login_Blank_User -->
  <testcase name="TC_03_Login_Invalid_Pasword" time="0.002" classname="com.raiway.TestCase_Run">
    <skipped/>
  </testcase> <!-- TC_03_Login_Invalid_Pasword -->
  <testcase name="TC_04_Redirect_After_Login" time="0.002" classname="com.raiway.TestCase_Run">
    <skipped/>
  </testcase> <!-- TC_04_Redirect_After_Login -->
  <testcase name="TC_05_Enter_Wrong_Password_Serveral_Times" time="0.002" classname="com.raiway.TestCase_Run">
    <skipped/>
  </testcase> <!-- TC_05_Enter_Wrong_Password_Serveral_Times -->
  <testcase name="TC_06_Redirected_After_Logout" time="0.003" classname="com.raiway.TestCase_Run">
    <skipped/>
  </testcase> <!-- TC_06_Redirected_After_Logout -->
  <testcase name="TC_07_Create_New_Account" time="0.001" classname="com.raiway.TestCase_Run">
    <skipped/>
  </testcase> <!-- TC_07_Create_New_Account -->
  <testcase name="TC_08_Login_Account_No_Active" time="0.002" classname="com.raiway.TestCase_Run">
    <skipped/>
  </testcase> <!-- TC_08_Login_Account_No_Active -->
  <testcase name="TC_09_Chang_Password" time="0.002" classname="com.raiway.TestCase_Run">
    <skipped/>
  </testcase> <!-- TC_09_Chang_Password -->
  <testcase name="TC_10_Create_Acount_In_Use_Email" time="0.001" classname="com.raiway.TestCase_Run">
    <skipped/>
  </testcase> <!-- TC_10_Create_Acount_In_Use_Email -->
  <testcase name="TC_11_Create_Account_With_Blank_Pass_and_Pid" time="0.002" classname="com.raiway.TestCase_Run">
    <skipped/>
  </testcase> <!-- TC_11_Create_Account_With_Blank_Pass_and_Pid -->
</testsuite> <!-- Default test -->
